{"uuid":"89dbe23e-4a52-4854-8b19-2b3ff6ce6d50","historyId":"6e5d18c2993aedef92179390665d2ca2","fullName":"com.googletests.GoogleSearchTest.shouldBeAbleToRetrievePhraseThatIsSearchedFor","labels":[{"name":"package","value":"com.googletests.GoogleSearchTest"},{"name":"testClass","value":"com.googletests.GoogleSearchTest"},{"name":"testMethod","value":"shouldBeAbleToRetrievePhraseThatIsSearchedFor"},{"name":"parentSuite","value":"Default Suite"},{"name":"suite","value":"test-task"},{"name":"subSuite","value":"com.googletests.GoogleSearchTest"},{"name":"host","value":"EPPLWROW019E"},{"name":"thread","value":"41948@EPPLWROW019E.main(1)"},{"name":"framework","value":"testng"},{"name":"language","value":"java"}],"links":[],"name":"shouldBeAbleToRetrievePhraseThatIsSearchedFor","status":"skipped","statusDetails":{"known":false,"muted":false,"flaky":false,"message":"[The element text contains expected text.] \r\nExpecting actual:\r\n  \"Podobne wyszukiwania\"\r\nto contain:\r\n  \"Selenium\"\r\n (ignoring case)","trace":"java.lang.AssertionError: [The element text contains expected text.] \r\nExpecting actual:\r\n  \"Podobne wyszukiwania\"\r\nto contain:\r\n  \"Selenium\"\r\n (ignoring case)\r\n\tat utils.CustomAssertions.assertThatElementTextContains(CustomAssertions.java:20)\r\n\tat utils.CustomAssertions.lambda$assertThatElementsTextContain$0(CustomAssertions.java:24)\r\n\tat java.base/java.util.ArrayList.forEach(ArrayList.java:1540)\r\n\tat utils.CustomAssertions.assertThatElementsTextContain(CustomAssertions.java:24)\r\n\tat pageobjects.GoogleHomePage.assertThatMainLinksContainText(GoogleHomePage.java:94)\r\n\tat com.googletests.GoogleSearchTest.shouldBeAbleToRetrievePhraseThatIsSearchedFor(GoogleSearchTest.java:20)\r\n\tat java.base/jdk.internal.reflect.NativeMethodAccessorImpl.invoke0(Native Method)\r\n\tat java.base/jdk.internal.reflect.NativeMethodAccessorImpl.invoke(NativeMethodAccessorImpl.java:62)\r\n\tat java.base/jdk.internal.reflect.DelegatingMethodAccessorImpl.invoke(DelegatingMethodAccessorImpl.java:43)\r\n\tat java.base/java.lang.reflect.Method.invoke(Method.java:566)\r\n\tat org.testng.internal.invokers.MethodInvocationHelper.invokeMethod(MethodInvocationHelper.java:139)\r\n\tat org.testng.internal.invokers.TestInvoker.invokeMethod(TestInvoker.java:677)\r\n\tat org.testng.internal.invokers.TestInvoker.invokeTestMethod(TestInvoker.java:221)\r\n\tat org.testng.internal.invokers.MethodRunner.runInSequence(MethodRunner.java:50)\r\n\tat org.testng.internal.invokers.TestInvoker$MethodInvocationAgent.invoke(TestInvoker.java:962)\r\n\tat org.testng.internal.invokers.TestInvoker.invokeTestMethods(TestInvoker.java:194)\r\n\tat org.testng.internal.invokers.TestMethodWorker.invokeTestMethods(TestMethodWorker.java:148)\r\n\tat org.testng.internal.invokers.TestMethodWorker.run(TestMethodWorker.java:128)\r\n\tat java.base/java.util.ArrayList.forEach(ArrayList.java:1540)\r\n\tat org.testng.TestRunner.privateRun(TestRunner.java:806)\r\n\tat org.testng.TestRunner.run(TestRunner.java:601)\r\n\tat org.testng.SuiteRunner.runTest(SuiteRunner.java:433)\r\n\tat org.testng.SuiteRunner.runSequentially(SuiteRunner.java:427)\r\n\tat org.testng.SuiteRunner.privateRun(SuiteRunner.java:387)\r\n\tat org.testng.SuiteRunner.run(SuiteRunner.java:330)\r\n\tat org.testng.SuiteRunnerWorker.runSuite(SuiteRunnerWorker.java:52)\r\n\tat org.testng.SuiteRunnerWorker.run(SuiteRunnerWorker.java:95)\r\n\tat org.testng.TestNG.runSuitesSequentially(TestNG.java:1256)\r\n\tat org.testng.TestNG.runSuitesLocally(TestNG.java:1176)\r\n\tat org.testng.TestNG.runSuites(TestNG.java:1099)\r\n\tat org.testng.TestNG.run(TestNG.java:1067)\r\n\tat com.intellij.rt.testng.IDEARemoteTestNG.run(IDEARemoteTestNG.java:66)\r\n\tat com.intellij.rt.testng.RemoteTestNGStarter.main(RemoteTestNGStarter.java:109)\r\n"},"stage":"finished","description":"Search in google","steps":[{"name":"Accept all cookies","status":"passed","stage":"finished","steps":[],"attachments":[],"parameters":[],"start":1656171126161,"stop":1656171126238},{"name":"Change language","status":"passed","stage":"finished","steps":[],"attachments":[],"parameters":[],"start":1656171126238,"stop":1656171126892},{"name":"Search with text Selenium","status":"passed","stage":"finished","steps":[],"attachments":[],"parameters":[{"name":"text","value":"Selenium"}],"start":1656171126895,"stop":1656171128029},{"name":"Get text of links in search results","status":"failed","statusDetails":{"known":false,"muted":false,"flaky":false,"message":"[The element text contains expected text.] \r\nExpecting actual:\r\n  \"Podobne wyszukiwania\"\r\nto contain:\r\n  \"Selenium\"\r\n (ignoring case)","trace":"java.lang.AssertionError: [The element text contains expected text.] \r\nExpecting actual:\r\n  \"Podobne wyszukiwania\"\r\nto contain:\r\n  \"Selenium\"\r\n (ignoring case)\r\n\tat utils.CustomAssertions.assertThatElementTextContains(CustomAssertions.java:20)\r\n\tat utils.CustomAssertions.lambda$assertThatElementsTextContain$0(CustomAssertions.java:24)\r\n\tat java.base/java.util.ArrayList.forEach(ArrayList.java:1540)\r\n\tat utils.CustomAssertions.assertThatElementsTextContain(CustomAssertions.java:24)\r\n\tat pageobjects.GoogleHomePage.assertThatMainLinksContainText(GoogleHomePage.java:94)\r\n\tat com.googletests.GoogleSearchTest.shouldBeAbleToRetrievePhraseThatIsSearchedFor(GoogleSearchTest.java:20)\r\n\tat java.base/jdk.internal.reflect.NativeMethodAccessorImpl.invoke0(Native Method)\r\n\tat java.base/jdk.internal.reflect.NativeMethodAccessorImpl.invoke(NativeMethodAccessorImpl.java:62)\r\n\tat java.base/jdk.internal.reflect.DelegatingMethodAccessorImpl.invoke(DelegatingMethodAccessorImpl.java:43)\r\n\tat java.base/java.lang.reflect.Method.invoke(Method.java:566)\r\n\tat org.testng.internal.invokers.MethodInvocationHelper.invokeMethod(MethodInvocationHelper.java:139)\r\n\tat org.testng.internal.invokers.TestInvoker.invokeMethod(TestInvoker.java:677)\r\n\tat org.testng.internal.invokers.TestInvoker.invokeTestMethod(TestInvoker.java:221)\r\n\tat org.testng.internal.invokers.MethodRunner.runInSequence(MethodRunner.java:50)\r\n\tat org.testng.internal.invokers.TestInvoker$MethodInvocationAgent.invoke(TestInvoker.java:962)\r\n\tat org.testng.internal.invokers.TestInvoker.invokeTestMethods(TestInvoker.java:194)\r\n\tat org.testng.internal.invokers.TestMethodWorker.invokeTestMethods(TestMethodWorker.java:148)\r\n\tat org.testng.internal.invokers.TestMethodWorker.run(TestMethodWorker.java:128)\r\n\tat java.base/java.util.ArrayList.forEach(ArrayList.java:1540)\r\n\tat org.testng.TestRunner.privateRun(TestRunner.java:806)\r\n\tat org.testng.TestRunner.run(TestRunner.java:601)\r\n\tat org.testng.SuiteRunner.runTest(SuiteRunner.java:433)\r\n\tat org.testng.SuiteRunner.runSequentially(SuiteRunner.java:427)\r\n\tat org.testng.SuiteRunner.privateRun(SuiteRunner.java:387)\r\n\tat org.testng.SuiteRunner.run(SuiteRunner.java:330)\r\n\tat org.testng.SuiteRunnerWorker.runSuite(SuiteRunnerWorker.java:52)\r\n\tat org.testng.SuiteRunnerWorker.run(SuiteRunnerWorker.java:95)\r\n\tat org.testng.TestNG.runSuitesSequentially(TestNG.java:1256)\r\n\tat org.testng.TestNG.runSuitesLocally(TestNG.java:1176)\r\n\tat org.testng.TestNG.runSuites(TestNG.java:1099)\r\n\tat org.testng.TestNG.run(TestNG.java:1067)\r\n\tat com.intellij.rt.testng.IDEARemoteTestNG.run(IDEARemoteTestNG.java:66)\r\n\tat com.intellij.rt.testng.RemoteTestNGStarter.main(RemoteTestNGStarter.java:109)\r\n"},"stage":"finished","steps":[],"attachments":[],"parameters":[{"name":"expectedText","value":"Selenium"}],"start":1656171128029,"stop":1656171128359}],"attachments":[],"parameters":[],"start":1656171125350,"stop":1656171128368}