{"uuid":"13bb01eb-0c33-4dad-b238-7bccde750d81","historyId":"dae99a88c23a59eae8a371e5857678ab","fullName":"com.googletests.GoogleHomePageTests.shouldBeAbleToClickOnGmailLinkAndBeRedirectedToMailPage","labels":[{"name":"package","value":"com.googletests.GoogleHomePageTests"},{"name":"testClass","value":"com.googletests.GoogleHomePageTests"},{"name":"testMethod","value":"shouldBeAbleToClickOnGmailLinkAndBeRedirectedToMailPage"},{"name":"parentSuite","value":"Default Suite"},{"name":"suite","value":"test-task"},{"name":"subSuite","value":"com.googletests.GoogleHomePageTests"},{"name":"host","value":"EPPLWROW019E"},{"name":"thread","value":"32096@EPPLWROW019E.main(1)"},{"name":"framework","value":"testng"},{"name":"language","value":"java"}],"links":[],"name":"shouldBeAbleToClickOnGmailLinkAndBeRedirectedToMailPage","status":"failed","statusDetails":{"known":false,"muted":false,"flaky":false,"message":"\r\nThe following assertion failed:\r\n1) [Google applications are not displayed.] \r\nExpecting value to be true but was false\r\nat GoogleHomePageTests.shouldBeAbleToClickOnGmailLinkAndBeRedirectedToMailPage(GoogleHomePageTests.java:49)\r\n","trace":"org.assertj.core.api.SoftAssertionError: \r\nThe following assertion failed:\r\n1) [Google applications are not displayed.] \r\nExpecting value to be true but was false\r\nat GoogleHomePageTests.shouldBeAbleToClickOnGmailLinkAndBeRedirectedToMailPage(GoogleHomePageTests.java:49)\r\n\r\n\tat org.assertj.core.error.AssertionErrorCreator.multipleSoftAssertionsError(AssertionErrorCreator.java:100)\r\n\tat org.assertj.core.api.AbstractSoftAssertions.assertAll(AbstractSoftAssertions.java:37)\r\n\tat org.assertj.core.api.AbstractSoftAssertions.assertAll(AbstractSoftAssertions.java:42)\r\n\tat com.googletests.GoogleHomePageTests.shouldBeAbleToClickOnGmailLinkAndBeRedirectedToMailPage(GoogleHomePageTests.java:50)\r\n\tat java.base/jdk.internal.reflect.NativeMethodAccessorImpl.invoke0(Native Method)\r\n\tat java.base/jdk.internal.reflect.NativeMethodAccessorImpl.invoke(NativeMethodAccessorImpl.java:62)\r\n\tat java.base/jdk.internal.reflect.DelegatingMethodAccessorImpl.invoke(DelegatingMethodAccessorImpl.java:43)\r\n\tat java.base/java.lang.reflect.Method.invoke(Method.java:566)\r\n\tat org.testng.internal.invokers.MethodInvocationHelper.invokeMethod(MethodInvocationHelper.java:139)\r\n\tat org.testng.internal.invokers.TestInvoker.invokeMethod(TestInvoker.java:677)\r\n\tat org.testng.internal.invokers.TestInvoker.invokeTestMethod(TestInvoker.java:221)\r\n\tat org.testng.internal.invokers.MethodRunner.runInSequence(MethodRunner.java:50)\r\n\tat org.testng.internal.invokers.TestInvoker$MethodInvocationAgent.invoke(TestInvoker.java:962)\r\n\tat org.testng.internal.invokers.TestInvoker.invokeTestMethods(TestInvoker.java:194)\r\n\tat org.testng.internal.invokers.TestMethodWorker.invokeTestMethods(TestMethodWorker.java:148)\r\n\tat org.testng.internal.invokers.TestMethodWorker.run(TestMethodWorker.java:128)\r\n\tat java.base/java.util.ArrayList.forEach(ArrayList.java:1540)\r\n\tat org.testng.TestRunner.privateRun(TestRunner.java:806)\r\n\tat org.testng.TestRunner.run(TestRunner.java:601)\r\n\tat org.testng.SuiteRunner.runTest(SuiteRunner.java:433)\r\n\tat org.testng.SuiteRunner.runSequentially(SuiteRunner.java:427)\r\n\tat org.testng.SuiteRunner.privateRun(SuiteRunner.java:387)\r\n\tat org.testng.SuiteRunner.run(SuiteRunner.java:330)\r\n\tat org.testng.SuiteRunnerWorker.runSuite(SuiteRunnerWorker.java:52)\r\n\tat org.testng.SuiteRunnerWorker.run(SuiteRunnerWorker.java:95)\r\n\tat org.testng.TestNG.runSuitesSequentially(TestNG.java:1256)\r\n\tat org.testng.TestNG.runSuitesLocally(TestNG.java:1176)\r\n\tat org.testng.TestNG.runSuites(TestNG.java:1099)\r\n\tat org.testng.TestNG.run(TestNG.java:1067)\r\n\tat com.intellij.rt.testng.IDEARemoteTestNG.run(IDEARemoteTestNG.java:66)\r\n\tat com.intellij.rt.testng.RemoteTestNGStarter.main(RemoteTestNGStarter.java:109)\r\n"},"stage":"finished","description":"Verify applications frame","steps":[],"attachments":[],"parameters":[],"start":1656005978118,"stop":1656005979165}