{"uuid":"61e8eff6-2f16-4b2b-82b3-5dea66fa7592","historyId":"5cdb0909b37ffc04f7609fa5d68343f6","fullName":"GoogleSearchTest.shouldBeAbleToCheckLanguage","labels":[{"name":"package","value":"GoogleSearchTest"},{"name":"testClass","value":"GoogleSearchTest"},{"name":"testMethod","value":"shouldBeAbleToCheckLanguage"},{"name":"parentSuite","value":"Default Suite"},{"name":"suite","value":"test-task"},{"name":"subSuite","value":"GoogleSearchTest"},{"name":"host","value":"EPPLWROW019E"},{"name":"thread","value":"35644@EPPLWROW019E.main(1)"},{"name":"framework","value":"testng"},{"name":"language","value":"java"}],"links":[],"name":"shouldBeAbleToCheckLanguage","status":"failed","statusDetails":{"known":false,"muted":false,"flaky":false,"message":"\r\nThe following assertion failed:\r\n1) [Language is not changed] \r\nexpected: \"Google offered in: Polski\"\r\n but was: \"Google offered in: polski\"\r\nat GoogleSearchTest.shouldBeAbleToCheckLanguage(GoogleSearchTest.java:47)\r\n","trace":"org.assertj.core.api.SoftAssertionError: \r\nThe following assertion failed:\r\n1) [Language is not changed] \r\nexpected: \"Google offered in: Polski\"\r\n but was: \"Google offered in: polski\"\r\nat GoogleSearchTest.shouldBeAbleToCheckLanguage(GoogleSearchTest.java:47)\r\n\r\n\tat org.assertj.core.error.AssertionErrorCreator.multipleSoftAssertionsError(AssertionErrorCreator.java:100)\r\n\tat org.assertj.core.api.AbstractSoftAssertions.assertAll(AbstractSoftAssertions.java:37)\r\n\tat org.assertj.core.api.AbstractSoftAssertions.assertAll(AbstractSoftAssertions.java:42)\r\n\tat GoogleSearchTest.shouldBeAbleToCheckLanguage(GoogleSearchTest.java:48)\r\n\tat java.base/jdk.internal.reflect.NativeMethodAccessorImpl.invoke0(Native Method)\r\n\tat java.base/jdk.internal.reflect.NativeMethodAccessorImpl.invoke(NativeMethodAccessorImpl.java:62)\r\n\tat java.base/jdk.internal.reflect.DelegatingMethodAccessorImpl.invoke(DelegatingMethodAccessorImpl.java:43)\r\n\tat java.base/java.lang.reflect.Method.invoke(Method.java:566)\r\n\tat org.testng.internal.invokers.MethodInvocationHelper.invokeMethod(MethodInvocationHelper.java:139)\r\n\tat org.testng.internal.invokers.TestInvoker.invokeMethod(TestInvoker.java:677)\r\n\tat org.testng.internal.invokers.TestInvoker.invokeTestMethod(TestInvoker.java:221)\r\n\tat org.testng.internal.invokers.MethodRunner.runInSequence(MethodRunner.java:50)\r\n\tat org.testng.internal.invokers.TestInvoker$MethodInvocationAgent.invoke(TestInvoker.java:962)\r\n\tat org.testng.internal.invokers.TestInvoker.invokeTestMethods(TestInvoker.java:194)\r\n\tat org.testng.internal.invokers.TestMethodWorker.invokeTestMethods(TestMethodWorker.java:148)\r\n\tat org.testng.internal.invokers.TestMethodWorker.run(TestMethodWorker.java:128)\r\n\tat java.base/java.util.ArrayList.forEach(ArrayList.java:1540)\r\n\tat org.testng.TestRunner.privateRun(TestRunner.java:806)\r\n\tat org.testng.TestRunner.run(TestRunner.java:601)\r\n\tat org.testng.SuiteRunner.runTest(SuiteRunner.java:433)\r\n\tat org.testng.SuiteRunner.runSequentially(SuiteRunner.java:427)\r\n\tat org.testng.SuiteRunner.privateRun(SuiteRunner.java:387)\r\n\tat org.testng.SuiteRunner.run(SuiteRunner.java:330)\r\n\tat org.testng.SuiteRunnerWorker.runSuite(SuiteRunnerWorker.java:52)\r\n\tat org.testng.SuiteRunnerWorker.run(SuiteRunnerWorker.java:95)\r\n\tat org.testng.TestNG.runSuitesSequentially(TestNG.java:1256)\r\n\tat org.testng.TestNG.runSuitesLocally(TestNG.java:1176)\r\n\tat org.testng.TestNG.runSuites(TestNG.java:1099)\r\n\tat org.testng.TestNG.run(TestNG.java:1067)\r\n\tat com.intellij.rt.testng.IDEARemoteTestNG.run(IDEARemoteTestNG.java:66)\r\n\tat com.intellij.rt.testng.RemoteTestNGStarter.main(RemoteTestNGStarter.java:109)\r\n"},"stage":"finished","description":"Search in google","steps":[],"attachments":[],"parameters":[],"start":1655828115399,"stop":1655828117000}